Using pre-set license
Built from '2020.2/release' branch; Version is '2020.2.4f1 (becced5a802b) revision 12504301'; Using compiler version '192528614'; Build Type 'Release'
OS: 'Windows 10 Home; OS build 19042.867; Version 2009; 64bit' Language: 'en' Physical Memory: 16324 MB
BatchMode: 1, IsHumanControllingUs: 0, StartBugReporterOnCrash: 0, Is64bit: 1, IsPro: 0

 COMMAND LINE ARGUMENTS:
C:\Program Files\Unity\Hub\Editor\2020.2.4f1\Editor\Unity.exe
-adb2
-batchMode
-noUpm
-name
AssetImportWorker0
-projectPath
E:/Concordia Winter 2021/Cart315/FinalProjectCart315/FinalProject315
-logFile
Logs/AssetImportWorker0.log
-srvPort
53846
Successfully changed project path to: E:/Concordia Winter 2021/Cart315/FinalProjectCart315/FinalProject315
E:/Concordia Winter 2021/Cart315/FinalProjectCart315/FinalProject315
Using Asset Import Pipeline V2.
Refreshing native plugins compatible for Editor in 31.73 ms, found 0 plugins.
Preloading 0 native plugins for Editor in 0.00 ms.
Initialize engine version: 2020.2.4f1 (becced5a802b)
[Subsystems] Discovering subsystems at path C:/Program Files/Unity/Hub/Editor/2020.2.4f1/Editor/Data/Resources/UnitySubsystems
[Subsystems] Discovering subsystems at path E:/Concordia Winter 2021/Cart315/FinalProjectCart315/FinalProject315/Assets
GfxDevice: creating device client; threaded=0
Direct3D:
    Version:  Direct3D 11.0 [level 11.1]
    Renderer: NVIDIA GeForce GTX 970 (ID=0x13c2)
    Vendor:   
    VRAM:     4043 MB
    Driver:   27.21.14.5671
Initialize mono
Mono path[0] = 'C:/Program Files/Unity/Hub/Editor/2020.2.4f1/Editor/Data/Managed'
Mono path[1] = 'C:/Program Files/Unity/Hub/Editor/2020.2.4f1/Editor/Data/MonoBleedingEdge/lib/mono/unityjit'
Mono config path = 'C:/Program Files/Unity/Hub/Editor/2020.2.4f1/Editor/Data/MonoBleedingEdge/etc'
Using monoOptions --debugger-agent=transport=dt_socket,embedding=1,server=y,suspend=n,address=127.0.0.1:56860
Begin MonoManager ReloadAssembly
Registering precompiled unity dll's ...
Register platform support module: C:/Program Files/Unity/Hub/Editor/2020.2.4f1/Editor/Data/PlaybackEngines/WindowsStandaloneSupport/UnityEditor.WindowsStandalone.Extensions.dll
Registered in 0.002399 seconds.
Native extension for WindowsStandalone target not found
Refreshing native plugins compatible for Editor in 25.66 ms, found 0 plugins.
Preloading 0 native plugins for Editor in 0.00 ms.
Invoked RoslynAnalysisRunner static constructor.
RoslynAnalysisRunner will not be running.
RoslynAnalysisRunner has terminated.
Mono: successfully reloaded assembly
- Completed reload, in  1.241 seconds
Platform modules already initialized, skipping
Registering precompiled user dll's ...
Registered in 0.000672 seconds.
Begin MonoManager ReloadAssembly
Native extension for WindowsStandalone target not found
Refreshing native plugins compatible for Editor in 0.29 ms, found 0 plugins.
Preloading 0 native plugins for Editor in 0.00 ms.
Invoked RoslynAnalysisRunner static constructor.
RoslynAnalysisRunner will not be running.
RoslynAnalysisRunner has terminated.
Mono: successfully reloaded assembly
- Completed reload, in  0.882 seconds
Platform modules already initialized, skipping
========================================================================
Worker process is ready to serve import requests
Launched and connected shader compiler UnityShaderCompiler.exe after 0.09 seconds
Refreshing native plugins compatible for Editor in 0.25 ms, found 0 plugins.
Preloading 0 native plugins for Editor in 0.00 ms.
Unloading 1232 Unused Serialized files (Serialized files now loaded: 0)
System memory in use before: 68.4 MB.
System memory in use after: 68.1 MB.

Unloading 12 unused Assets to reduce memory usage. Loaded Objects now: 1679.
Total: 1.887300 ms (FindLiveObjects: 0.138500 ms CreateObjectMapping: 0.038000 ms MarkObjects: 1.423700 ms  DeleteObjects: 0.285900 ms)

========================================================================
Received Import Request.
  path: Assets/Ethan Variant.prefab
  artifactKey: Guid(a569b609a79c3dc41bc87f013a234671) Importer(815301076,1909f56bfc062723c751e8b465ee728b)
Start importing Assets/Ethan Variant.prefab using Guid(a569b609a79c3dc41bc87f013a234671) Importer(815301076,1909f56bfc062723c751e8b465ee728b)  -> (artifact id: '2ed8b673a9497f1710f491c8d8ba83d5') in 0.190109 seconds
  Import took 0.194352 seconds .

========================================================================
Received Import Request.
  Time since last request: 915.322643 seconds.
  path: Assets/Scripts
  artifactKey: Guid(35668c54e0e41004ba365a1e149d12e9) Importer(815301076,1909f56bfc062723c751e8b465ee728b)
Start importing Assets/Scripts using Guid(35668c54e0e41004ba365a1e149d12e9) Importer(815301076,1909f56bfc062723c751e8b465ee728b)  -> (artifact id: '2849c853c92406be3a060c39f4c1cd61') in 0.001623 seconds
  Import took 0.003973 seconds .

========================================================================
Received Prepare
Registering precompiled user dll's ...
Registered in 0.000623 seconds.
Begin MonoManager ReloadAssembly
Native extension for WindowsStandalone target not found
Refreshing native plugins compatible for Editor in 0.26 ms, found 0 plugins.
Preloading 0 native plugins for Editor in 0.00 ms.
Invoked RoslynAnalysisRunner static constructor.
RoslynAnalysisRunner will not be running.
RoslynAnalysisRunner has terminated.
Mono: successfully reloaded assembly
- Completed reload, in  0.727 seconds
Platform modules already initialized, skipping
Refreshing native plugins compatible for Editor in 0.26 ms, found 0 plugins.
Preloading 0 native plugins for Editor in 0.00 ms.
Unloading 1208 Unused Serialized files (Serialized files now loaded: 0)
System memory in use before: 83.9 MB.
System memory in use after: 83.6 MB.

Unloading 7 unused Assets to reduce memory usage. Loaded Objects now: 1689.
Total: 2.045000 ms (FindLiveObjects: 0.140600 ms CreateObjectMapping: 0.038100 ms MarkObjects: 1.579700 ms  DeleteObjects: 0.285100 ms)

========================================================================
Received Prepare
Registering precompiled user dll's ...
Registered in 0.000654 seconds.
Begin MonoManager ReloadAssembly
Native extension for WindowsStandalone target not found
Refreshing native plugins compatible for Editor in 0.25 ms, found 0 plugins.
Preloading 0 native plugins for Editor in 0.00 ms.
Invoked RoslynAnalysisRunner static constructor.
RoslynAnalysisRunner will not be running.
RoslynAnalysisRunner has terminated.
Mono: successfully reloaded assembly
- Completed reload, in  0.723 seconds
Platform modules already initialized, skipping
Refreshing native plugins compatible for Editor in 0.34 ms, found 0 plugins.
Preloading 0 native plugins for Editor in 0.00 ms.
Unloading 1208 Unused Serialized files (Serialized files now loaded: 0)
System memory in use before: 83.9 MB.
System memory in use after: 83.7 MB.

Unloading 7 unused Assets to reduce memory usage. Loaded Objects now: 1691.
Total: 2.031100 ms (FindLiveObjects: 0.148400 ms CreateObjectMapping: 0.041200 ms MarkObjects: 1.546300 ms  DeleteObjects: 0.294400 ms)

========================================================================
Received Import Request.
  Time since last request: 20.046130 seconds.
  path: Assets/Scripts/Controllers
  artifactKey: Guid(2e5e7c65ebcd3e94581031719509ce89) Importer(815301076,1909f56bfc062723c751e8b465ee728b)
Start importing Assets/Scripts/Controllers using Guid(2e5e7c65ebcd3e94581031719509ce89) Importer(815301076,1909f56bfc062723c751e8b465ee728b)  -> (artifact id: '9382db80759b0438fc99f94a7a7b1bd7') in 0.003733 seconds
  Import took 0.005889 seconds .

========================================================================
Received Import Request.
  Time since last request: 22.669043 seconds.
  path: Assets/Scripts/Controllers/E
  artifactKey: Guid(ffab4a5c10871a8499d0987081a20aa0) Importer(815301076,1909f56bfc062723c751e8b465ee728b)
Start importing Assets/Scripts/Controllers/E using Guid(ffab4a5c10871a8499d0987081a20aa0) Importer(815301076,1909f56bfc062723c751e8b465ee728b)  -> (artifact id: 'cfd23929304eb0dcdb3868ee00977522') in 0.001509 seconds
  Import took 0.003636 seconds .

========================================================================
Received Import Request.
  Time since last request: 11.924895 seconds.
  path: Assets/Scripts/Controllers/EnemyController.cs
  artifactKey: Guid(7e191eba1d7128c4cb635be2fcbdb24e) Importer(815301076,1909f56bfc062723c751e8b465ee728b)
Start importing Assets/Scripts/Controllers/EnemyController.cs using Guid(7e191eba1d7128c4cb635be2fcbdb24e) Importer(815301076,1909f56bfc062723c751e8b465ee728b)  -> (artifact id: 'dcb51e0d325ada660655ca196ed8b173') in 0.018135 seconds
  Import took 0.020142 seconds .

========================================================================
Received Prepare
Registering precompiled user dll's ...
Registered in 0.000646 seconds.
Begin MonoManager ReloadAssembly
Native extension for WindowsStandalone target not found
Refreshing native plugins compatible for Editor in 0.31 ms, found 0 plugins.
Preloading 0 native plugins for Editor in 0.00 ms.
Invoked RoslynAnalysisRunner static constructor.
RoslynAnalysisRunner will not be running.
RoslynAnalysisRunner has terminated.
Mono: successfully reloaded assembly
- Completed reload, in  0.895 seconds
Platform modules already initialized, skipping
Refreshing native plugins compatible for Editor in 0.38 ms, found 0 plugins.
Preloading 0 native plugins for Editor in 0.00 ms.
Unloading 1209 Unused Serialized files (Serialized files now loaded: 0)
System memory in use before: 84.0 MB.
System memory in use after: 83.7 MB.

Unloading 7 unused Assets to reduce memory usage. Loaded Objects now: 1694.
Total: 2.023200 ms (FindLiveObjects: 0.133800 ms CreateObjectMapping: 0.034400 ms MarkObjects: 1.557200 ms  DeleteObjects: 0.296500 ms)

========================================================================
Received Prepare
Registering precompiled user dll's ...
Registered in 0.000886 seconds.
Begin MonoManager ReloadAssembly
Native extension for WindowsStandalone target not found
Refreshing native plugins compatible for Editor in 0.26 ms, found 0 plugins.
Preloading 0 native plugins for Editor in 0.00 ms.
Invoked RoslynAnalysisRunner static constructor.
RoslynAnalysisRunner will not be running.
RoslynAnalysisRunner has terminated.
Mono: successfully reloaded assembly
- Completed reload, in  0.843 seconds
Platform modules already initialized, skipping
Refreshing native plugins compatible for Editor in 0.26 ms, found 0 plugins.
Preloading 0 native plugins for Editor in 0.00 ms.
Unloading 1209 Unused Serialized files (Serialized files now loaded: 0)
System memory in use before: 84.0 MB.
System memory in use after: 83.7 MB.

Unloading 7 unused Assets to reduce memory usage. Loaded Objects now: 1696.
Total: 4.015700 ms (FindLiveObjects: 0.154800 ms CreateObjectMapping: 0.039900 ms MarkObjects: 3.394100 ms  DeleteObjects: 0.425500 ms)

========================================================================
Received Prepare
Registering precompiled user dll's ...
Registered in 0.000674 seconds.
Begin MonoManager ReloadAssembly
Native extension for WindowsStandalone target not found
Refreshing native plugins compatible for Editor in 0.26 ms, found 0 plugins.
Preloading 0 native plugins for Editor in 0.00 ms.
Invoked RoslynAnalysisRunner static constructor.
RoslynAnalysisRunner will not be running.
RoslynAnalysisRunner has terminated.
Mono: successfully reloaded assembly
- Completed reload, in  0.784 seconds
Platform modules already initialized, skipping
Refreshing native plugins compatible for Editor in 0.26 ms, found 0 plugins.
Preloading 0 native plugins for Editor in 0.00 ms.
Unloading 1209 Unused Serialized files (Serialized files now loaded: 0)
System memory in use before: 84.0 MB.
System memory in use after: 83.7 MB.

Unloading 7 unused Assets to reduce memory usage. Loaded Objects now: 1698.
Total: 2.242300 ms (FindLiveObjects: 0.205500 ms CreateObjectMapping: 0.066500 ms MarkObjects: 1.644100 ms  DeleteObjects: 0.324600 ms)

========================================================================
Received Prepare
Registering precompiled user dll's ...
Registered in 0.000952 seconds.
Begin MonoManager ReloadAssembly
Native extension for WindowsStandalone target not found
Refreshing native plugins compatible for Editor in 0.31 ms, found 0 plugins.
Preloading 0 native plugins for Editor in 0.00 ms.
Invoked RoslynAnalysisRunner static constructor.
RoslynAnalysisRunner will not be running.
RoslynAnalysisRunner has terminated.
Mono: successfully reloaded assembly
- Completed reload, in  0.968 seconds
Platform modules already initialized, skipping
Refreshing native plugins compatible for Editor in 0.28 ms, found 0 plugins.
Preloading 0 native plugins for Editor in 0.00 ms.
Unloading 1210 Unused Serialized files (Serialized files now loaded: 0)
System memory in use before: 84.0 MB.
System memory in use after: 83.8 MB.

Unloading 7 unused Assets to reduce memory usage. Loaded Objects now: 1701.
Total: 2.213900 ms (FindLiveObjects: 0.340000 ms CreateObjectMapping: 0.097900 ms MarkObjects: 1.456900 ms  DeleteObjects: 0.317400 ms)

========================================================================
Received Import Request.
  Time since last request: 297.127022 seconds.
  path: Assets/Scripts/NewBehaviourScript.cs
  artifactKey: Guid(a10a0156bfaad9d4882e1b01be8f9dd8) Importer(815301076,1909f56bfc062723c751e8b465ee728b)
Start importing Assets/Scripts/NewBehaviourScript.cs using Guid(a10a0156bfaad9d4882e1b01be8f9dd8) Importer(815301076,1909f56bfc062723c751e8b465ee728b)  -> (artifact id: '15dd624190950f868b6a4a7ae2e9c83f') in 0.003316 seconds
  Import took 0.005509 seconds .

========================================================================
Received Import Request.
  Time since last request: 11.040582 seconds.
  path: Assets/Scripts/PlayerManager.cs
  artifactKey: Guid(a10a0156bfaad9d4882e1b01be8f9dd8) Importer(815301076,1909f56bfc062723c751e8b465ee728b)
Start importing Assets/Scripts/PlayerManager.cs using Guid(a10a0156bfaad9d4882e1b01be8f9dd8) Importer(815301076,1909f56bfc062723c751e8b465ee728b)  -> (artifact id: 'eb113133c88cab7575590a3522eeb2c3') in 0.002211 seconds
  Import took 0.005784 seconds .

========================================================================
Received Prepare
Registering precompiled user dll's ...
Registered in 0.000793 seconds.
Begin MonoManager ReloadAssembly
Native extension for WindowsStandalone target not found
Refreshing native plugins compatible for Editor in 0.25 ms, found 0 plugins.
Preloading 0 native plugins for Editor in 0.00 ms.
Invoked RoslynAnalysisRunner static constructor.
RoslynAnalysisRunner will not be running.
RoslynAnalysisRunner has terminated.
Mono: successfully reloaded assembly
- Completed reload, in  0.840 seconds
Platform modules already initialized, skipping
Refreshing native plugins compatible for Editor in 0.26 ms, found 0 plugins.
Preloading 0 native plugins for Editor in 0.00 ms.
Unloading 1210 Unused Serialized files (Serialized files now loaded: 0)
System memory in use before: 84.0 MB.
System memory in use after: 83.8 MB.

Unloading 7 unused Assets to reduce memory usage. Loaded Objects now: 1703.
Total: 2.077500 ms (FindLiveObjects: 0.190500 ms CreateObjectMapping: 0.040800 ms MarkObjects: 1.504800 ms  DeleteObjects: 0.339800 ms)

========================================================================
Received Import Request.
  Time since last request: 106.392619 seconds.
  path: Assets/Scripts/PlayerManager.cs
  artifactKey: Guid(a10a0156bfaad9d4882e1b01be8f9dd8) Importer(815301076,1909f56bfc062723c751e8b465ee728b)
Start importing Assets/Scripts/PlayerManager.cs using Guid(a10a0156bfaad9d4882e1b01be8f9dd8) Importer(815301076,1909f56bfc062723c751e8b465ee728b)  -> (artifact id: 'ff8ae9164c5d72ff348845964e4a6d03') in 0.006273 seconds
  Import took 0.009908 seconds .

AssetImportWorkerClient::OnTransportError - code=2 error=End of file
